Mon Sep 11 11:41:32 2017 Canal tem1 novo(s) mene(s)
Mon Sep 11 13:25:11 2017 Canal tem1 novo(s) mene(s)
Mon Sep 11 14:15:10 2017 Canal tem1 novo(s) mene(s)
Mon Sep 11 15:35:14 2017 Canal tem1 novo(s) mene(s)
Mon Sep 11 21:15:12 2017 Canal tem1 novo(s) mene(s)
Tue Sep 12 11:55:14 2017 Canal tem1 novo(s) mene(s)
Tue Sep 12 14:31:12 2017 Canal tem1 novo(s) mene(s)
Tue Sep 12 18:21:12 2017 Canal tem1 novo(s) mene(s)
Wed Sep 13 09:49:13 2017 Canal tem1 novo(s) mene(s)
Wed Sep 13 12:49:13 2017 Canal tem1 novo(s) mene(s)
Wed Sep 13 19:09:12 2017 Canal tem1 novo(s) mene(s)
Thu Sep 14 09:49:13 2017 Canal tem1 novo(s) mene(s)
Thu Sep 14 10:09:12 2017 Canal tem1 novo(s) mene(s)
Thu Sep 14 14:15:12 2017 Canal tem1 novo(s) mene(s)
Fri Sep 15 09:49:13 2017 Canal tem1 novo(s) mene(s)
Fri Sep 15 12:09:13 2017 Canal tem1 novo(s) mene(s)
Fri Sep 15 15:37:13 2017 Canal tem1 novo(s) mene(s)
Sun Sep 17 18:19:13 2017 Canal tem1 novo(s) mene(s)
Mon Sep 18 02:55:12 2017 Canal tem1 novo(s) mene(s)
Mon Sep 18 11:45:12 2017 Canal tem1 novo(s) mene(s)
Mon Sep 18 14:35:11 2017 Canal tem1 novo(s) mene(s)
Mon Sep 18 19:29:12 2017 Canal tem1 novo(s) mene(s)
Tue Sep 19 12:19:13 2017 Canal tem1 novo(s) mene(s)
Tue Sep 19 17:15:13 2017 Canal tem1 novo(s) mene(s)
Thu Sep 21 12:05:15 2017 Canal tem1 novo(s) mene(s)
Thu Sep 21 13:35:12 2017 Canal tem1 novo(s) mene(s)
Thu Sep 21 15:49:12 2017 Canal tem1 novo(s) mene(s)
Thu Sep 21 18:37:13 2017 Canal tem1 novo(s) mene(s)
Fri Sep 22 13:53:18 2017 Canal tem1 novo(s) mene(s)
Fri Sep 22 14:57:14 2017 Canal tem1 novo(s) mene(s)
Fri Sep 22 17:03:13 2017 Canal tem1 novo(s) mene(s)
Fri Sep 22 19:37:13 2017 Canal tem1 novo(s) mene(s)
Mon Sep 25 12:05:12 2017 Canal tem1 novo(s) mene(s)
Mon Sep 25 20:29:12 2017 Canal tem1 novo(s) mene(s)
Tue Sep 26 10:59:12 2017 Canal tem1 novo(s) mene(s)
Tue Sep 26 12:19:13 2017 Canal tem1 novo(s) mene(s)
Tue Sep 26 13:13:12 2017 Canal tem1 novo(s) mene(s)
Tue Sep 26 13:15:13 2017 Canal tem2 novo(s) mene(s)
Wed Sep 27 20:15:13 2017 Canal tem1 novo(s) mene(s)
Thu Sep 28 13:55:14 2017 Canal tem1 novo(s) mene(s)
Thu Sep 28 22:09:13 2017 Canal tem1 novo(s) mene(s)
Fri Sep 29 11:59:12 2017 Canal tem1 novo(s) mene(s)
Fri Sep 29 17:23:12 2017 Canal tem1 novo(s) mene(s)
Fri Sep 29 18:47:12 2017 Canal tem1 novo(s) mene(s)
Fri Sep 29 19:09:16 2017 Canal tem1 novo(s) mene(s)
Mon Oct  2 12:39:14 2017 Canal tem1 novo(s) mene(s)
Mon Oct  2 17:38:44 2017 Canal tem1 novo(s) mene(s)
